The system is: Linux - 6.1.23-1-MANJARO - x86_64
Compiling the C compiler identification source file "CMakeCCompilerId.c" succeeded.
Compiler: /usr/bin/cc 
Build flags: 
Id flags:  

The output was:
0


Compilation of the C compiler identification source "CMakeCCompilerId.c" produced "a.out"

The C compiler identification is GNU, found in "/home/jae/CLionProjects/test/Lily/cmake-build-debug/CMakeFiles/3.25.2/CompilerIdC/a.out"

Compiling the CXX compiler identification source file "CMakeCXXCompilerId.cpp" succeeded.
Compiler: /usr/bin/c++ 
Build flags: 
Id flags:  

The output was:
0


Compilation of the CXX compiler identification source "CMakeCXXCompilerId.cpp" produced "a.out"

The CXX compiler identification is GNU, found in "/home/jae/CLionProjects/test/Lily/cmake-build-debug/CMakeFiles/3.25.2/CompilerIdCXX/a.out"

Detecting C compiler ABI info compiled with the following output:
Change Dir: /home/jae/CLionProjects/test/Lily/cmake-build-debug/CMakeFiles/CMakeScratch/TryCompile-juaNSp

Run Build Command(s):/usr/bin/make -f Makefile cmTC_0bc77/fast && /usr/bin/make  -f CMakeFiles/cmTC_0bc77.dir/build.make CMakeFiles/cmTC_0bc77.dir/build
make[1]: Entering directory '/home/jae/CLionProjects/test/Lily/cmake-build-debug/CMakeFiles/CMakeScratch/TryCompile-juaNSp'
Building C object CMakeFiles/cmTC_0bc77.dir/CMakeCCompilerABI.c.o
/usr/bin/cc   -fdiagnostics-color=always   -v -o CMakeFiles/cmTC_0bc77.dir/CMakeCCompilerABI.c.o -c /home/jae/Programs/clion-2022.3.1/bin/cmake/linux/x64/share/cmake-3.25/Modules/CMakeCCompilerABI.c
Using built-in specs.
COLLECT_GCC=/usr/bin/cc
Target: x86_64-pc-linux-gnu
Configured with: /build/gcc/src/gcc/configure --enable-languages=c,c++,ada,fortran,go,lto,objc,obj-c++,d --enable-bootstrap --prefix=/usr --libdir=/usr/lib --libexecdir=/usr/lib --mandir=/usr/share/man --infodir=/usr/share/info --with-bugurl=https://bugs.archlinux.org/ --with-build-config=bootstrap-lto --with-linker-hash-style=gnu --with-system-zlib --enable-__cxa_atexit --enable-cet=auto --enable-checking=release --enable-clocale=gnu --enable-default-pie --enable-default-ssp --enable-gnu-indirect-function --enable-gnu-unique-object --enable-libstdcxx-backtrace --enable-link-serialization=1 --enable-linker-build-id --enable-lto --enable-multilib --enable-plugin --enable-shared --enable-threads=posix --disable-libssp --disable-libstdcxx-pch --disable-werror
Thread model: posix
Supported LTO compression algorithms: zlib zstd
gcc version 12.2.1 20230201 (GCC) 
COLLECT_GCC_OPTIONS='-fdiagnostics-color=always' '-v' '-o' 'CMakeFiles/cmTC_0bc77.dir/CMakeCCompilerABI.c.o' '-c' '-mtune=generic' '-march=x86-64' '-dumpdir' 'CMakeFiles/cmTC_0bc77.dir/'
 /usr/lib/gcc/x86_64-pc-linux-gnu/12.2.1/cc1 -quiet -v /home/jae/Programs/clion-2022.3.1/bin/cmake/linux/x64/share/cmake-3.25/Modules/CMakeCCompilerABI.c -quiet -dumpdir CMakeFiles/cmTC_0bc77.dir/ -dumpbase CMakeCCompilerABI.c.c -dumpbase-ext .c -mtune=generic -march=x86-64 -version -fdiagnostics-color=always -o /tmp/ccwCAymD.s
GNU C17 (GCC) version 12.2.1 20230201 (x86_64-pc-linux-gnu)
	compiled by GNU C version 12.2.1 20230201, GMP version 6.2.1, MPFR version 4.2.0, MPC version 1.3.1, isl version isl-0.25-GMP

GGC heuristics: --param ggc-min-expand=100 --param ggc-min-heapsize=131072
ignoring nonexistent directory "/usr/lib/gcc/x86_64-pc-linux-gnu/12.2.1/../../../../x86_64-pc-linux-gnu/include"
#include "..." search starts here:
#include <...> search starts here:
 /usr/lib/gcc/x86_64-pc-linux-gnu/12.2.1/include
 /usr/local/include
 /usr/lib/gcc/x86_64-pc-linux-gnu/12.2.1/include-fixed
 /usr/include
End of search list.
GNU C17 (GCC) version 12.2.1 20230201 (x86_64-pc-linux-gnu)
	compiled by GNU C version 12.2.1 20230201, GMP version 6.2.1, MPFR version 4.2.0, MPC version 1.3.1, isl version isl-0.25-GMP

GGC heuristics: --param ggc-min-expand=100 --param ggc-min-heapsize=131072
Compiler executable checksum: 99df1fbb4c4d7eeb8d93f0979bfab9ce
COLLECT_GCC_OPTIONS='-fdiagnostics-color=always' '-v' '-o' 'CMakeFiles/cmTC_0bc77.dir/CMakeCCompilerABI.c.o' '-c' '-mtune=generic' '-march=x86-64' '-dumpdir' 'CMakeFiles/cmTC_0bc77.dir/'
 as -v --64 -o CMakeFiles/cmTC_0bc77.dir/CMakeCCompilerABI.c.o /tmp/ccwCAymD.s
GNU assembler version 2.40 (x86_64-pc-linux-gnu) using BFD version (GNU Binutils) 2.40
COMPILER_PATH=/usr/lib/gcc/x86_64-pc-linux-gnu/12.2.1/:/usr/lib/gcc/x86_64-pc-linux-gnu/12.2.1/:/usr/lib/gcc/x86_64-pc-linux-gnu/:/usr/lib/gcc/x86_64-pc-linux-gnu/12.2.1/:/usr/lib/gcc/x86_64-pc-linux-gnu/
LIBRARY_PATH=/usr/lib/gcc/x86_64-pc-linux-gnu/12.2.1/:/usr/lib/gcc/x86_64-pc-linux-gnu/12.2.1/../../../../lib/:/lib/../lib/:/usr/lib/../lib/:/usr/lib/gcc/x86_64-pc-linux-gnu/12.2.1/../../../:/lib/:/usr/lib/
COLLECT_GCC_OPTIONS='-fdiagnostics-color=always' '-v' '-o' 'CMakeFiles/cmTC_0bc77.dir/CMakeCCompilerABI.c.o' '-c' '-mtune=generic' '-march=x86-64' '-dumpdir' 'CMakeFiles/cmTC_0bc77.dir/CMakeCCompilerABI.c.'
Linking C executable cmTC_0bc77
/home/jae/Programs/clion-2022.3.1/bin/cmake/linux/x64/bin/cmake -E cmake_link_script CMakeFiles/cmTC_0bc77.dir/link.txt --verbose=1
/usr/bin/cc  -v CMakeFiles/cmTC_0bc77.dir/CMakeCCompilerABI.c.o -o cmTC_0bc77 
Using built-in specs.
COLLECT_GCC=/usr/bin/cc
COLLECT_LTO_WRAPPER=/usr/lib/gcc/x86_64-pc-linux-gnu/12.2.1/lto-wrapper
Target: x86_64-pc-linux-gnu
Configured with: /build/gcc/src/gcc/configure --enable-languages=c,c++,ada,fortran,go,lto,objc,obj-c++,d --enable-bootstrap --prefix=/usr --libdir=/usr/lib --libexecdir=/usr/lib --mandir=/usr/share/man --infodir=/usr/share/info --with-bugurl=https://bugs.archlinux.org/ --with-build-config=bootstrap-lto --with-linker-hash-style=gnu --with-system-zlib --enable-__cxa_atexit --enable-cet=auto --enable-checking=release --enable-clocale=gnu --enable-default-pie --enable-default-ssp --enable-gnu-indirect-function --enable-gnu-unique-object --enable-libstdcxx-backtrace --enable-link-serialization=1 --enable-linker-build-id --enable-lto --enable-multilib --enable-plugin --enable-shared --enable-threads=posix --disable-libssp --disable-libstdcxx-pch --disable-werror
Thread model: posix
Supported LTO compression algorithms: zlib zstd
gcc version 12.2.1 20230201 (GCC) 
COMPILER_PATH=/usr/lib/gcc/x86_64-pc-linux-gnu/12.2.1/:/usr/lib/gcc/x86_64-pc-linux-gnu/12.2.1/:/usr/lib/gcc/x86_64-pc-linux-gnu/:/usr/lib/gcc/x86_64-pc-linux-gnu/12.2.1/:/usr/lib/gcc/x86_64-pc-linux-gnu/
LIBRARY_PATH=/usr/lib/gcc/x86_64-pc-linux-gnu/12.2.1/:/usr/lib/gcc/x86_64-pc-linux-gnu/12.2.1/../../../../lib/:/lib/../lib/:/usr/lib/../lib/:/usr/lib/gcc/x86_64-pc-linux-gnu/12.2.1/../../../:/lib/:/usr/lib/
COLLECT_GCC_OPTIONS='-v' '-o' 'cmTC_0bc77' '-mtune=generic' '-march=x86-64' '-dumpdir' 'cmTC_0bc77.'
 /usr/lib/gcc/x86_64-pc-linux-gnu/12.2.1/collect2 -plugin /usr/lib/gcc/x86_64-pc-linux-gnu/12.2.1/liblto_plugin.so -plugin-opt=/usr/lib/gcc/x86_64-pc-linux-gnu/12.2.1/lto-wrapper -plugin-opt=-fresolution=/tmp/ccqqUAgN.res -plugin-opt=-pass-through=-lgcc -plugin-opt=-pass-through=-lgcc_s -plugin-opt=-pass-through=-lc -plugin-opt=-pass-through=-lgcc -plugin-opt=-pass-through=-lgcc_s --build-id --eh-frame-hdr --hash-style=gnu -m elf_x86_64 -dynamic-linker /lib64/ld-linux-x86-64.so.2 -pie -o cmTC_0bc77 /usr/lib/gcc/x86_64-pc-linux-gnu/12.2.1/../../../../lib/Scrt1.o /usr/lib/gcc/x86_64-pc-linux-gnu/12.2.1/../../../../lib/crti.o /usr/lib/gcc/x86_64-pc-linux-gnu/12.2.1/crtbeginS.o -L/usr/lib/gcc/x86_64-pc-linux-gnu/12.2.1 -L/usr/lib/gcc/x86_64-pc-linux-gnu/12.2.1/../../../../lib -L/lib/../lib -L/usr/lib/../lib -L/usr/lib/gcc/x86_64-pc-linux-gnu/12.2.1/../../.. CMakeFiles/cmTC_0bc77.dir/CMakeCCompilerABI.c.o -lgcc --push-state --as-needed -lgcc_s --pop-state -lc -lgcc --push-state --as-needed -lgcc_s --pop-state /usr/lib/gcc/x86_64-pc-linux-gnu/12.2.1/crtendS.o /usr/lib/gcc/x86_64-pc-linux-gnu/12.2.1/../../../../lib/crtn.o
COLLECT_GCC_OPTIONS='-v' '-o' 'cmTC_0bc77' '-mtune=generic' '-march=x86-64' '-dumpdir' 'cmTC_0bc77.'
make[1]: Leaving directory '/home/jae/CLionProjects/test/Lily/cmake-build-debug/CMakeFiles/CMakeScratch/TryCompile-juaNSp'



Parsed C implicit include dir info from above output: rv=done
  found start of include info
  found start of implicit include info
    add: [/usr/lib/gcc/x86_64-pc-linux-gnu/12.2.1/include]
    add: [/usr/local/include]
    add: [/usr/lib/gcc/x86_64-pc-linux-gnu/12.2.1/include-fixed]
    add: [/usr/include]
  end of search list found
  collapse include dir [/usr/lib/gcc/x86_64-pc-linux-gnu/12.2.1/include] ==> [/usr/lib/gcc/x86_64-pc-linux-gnu/12.2.1/include]
  collapse include dir [/usr/local/include] ==> [/usr/local/include]
  collapse include dir [/usr/lib/gcc/x86_64-pc-linux-gnu/12.2.1/include-fixed] ==> [/usr/lib/gcc/x86_64-pc-linux-gnu/12.2.1/include-fixed]
  collapse include dir [/usr/include] ==> [/usr/include]
  implicit include dirs: [/usr/lib/gcc/x86_64-pc-linux-gnu/12.2.1/include;/usr/local/include;/usr/lib/gcc/x86_64-pc-linux-gnu/12.2.1/include-fixed;/usr/include]


Parsed C implicit link information from above output:
  link line regex: [^( *|.*[/\])(ld|CMAKE_LINK_STARTFILE-NOTFOUND|([^/\]+-)?ld|collect2)[^/\]*( |$)]
  ignore line: [Change Dir: /home/jae/CLionProjects/test/Lily/cmake-build-debug/CMakeFiles/CMakeScratch/TryCompile-juaNSp]
  ignore line: []
  ignore line: [Run Build Command(s):/usr/bin/make -f Makefile cmTC_0bc77/fast && /usr/bin/make  -f CMakeFiles/cmTC_0bc77.dir/build.make CMakeFiles/cmTC_0bc77.dir/build]
  ignore line: [make[1]: Entering directory '/home/jae/CLionProjects/test/Lily/cmake-build-debug/CMakeFiles/CMakeScratch/TryCompile-juaNSp']
  ignore line: [Building C object CMakeFiles/cmTC_0bc77.dir/CMakeCCompilerABI.c.o]
  ignore line: [/usr/bin/cc   -fdiagnostics-color=always   -v -o CMakeFiles/cmTC_0bc77.dir/CMakeCCompilerABI.c.o -c /home/jae/Programs/clion-2022.3.1/bin/cmake/linux/x64/share/cmake-3.25/Modules/CMakeCCompilerABI.c]
  ignore line: [Using built-in specs.]
  ignore line: [COLLECT_GCC=/usr/bin/cc]
  ignore line: [Target: x86_64-pc-linux-gnu]
  ignore line: [Configured with: /build/gcc/src/gcc/configure --enable-languages=c c++ ada fortran go lto objc obj-c++ d --enable-bootstrap --prefix=/usr --libdir=/usr/lib --libexecdir=/usr/lib --mandir=/usr/share/man --infodir=/usr/share/info --with-bugurl=https://bugs.archlinux.org/ --with-build-config=bootstrap-lto --with-linker-hash-style=gnu --with-system-zlib --enable-__cxa_atexit --enable-cet=auto --enable-checking=release --enable-clocale=gnu --enable-default-pie --enable-default-ssp --enable-gnu-indirect-function --enable-gnu-unique-object --enable-libstdcxx-backtrace --enable-link-serialization=1 --enable-linker-build-id --enable-lto --enable-multilib --enable-plugin --enable-shared --enable-threads=posix --disable-libssp --disable-libstdcxx-pch --disable-werror]
  ignore line: [Thread model: posix]
  ignore line: [Supported LTO compression algorithms: zlib zstd]
  ignore line: [gcc version 12.2.1 20230201 (GCC) ]
  ignore line: [COLLECT_GCC_OPTIONS='-fdiagnostics-color=always' '-v' '-o' 'CMakeFiles/cmTC_0bc77.dir/CMakeCCompilerABI.c.o' '-c' '-mtune=generic' '-march=x86-64' '-dumpdir' 'CMakeFiles/cmTC_0bc77.dir/']
  ignore line: [ /usr/lib/gcc/x86_64-pc-linux-gnu/12.2.1/cc1 -quiet -v /home/jae/Programs/clion-2022.3.1/bin/cmake/linux/x64/share/cmake-3.25/Modules/CMakeCCompilerABI.c -quiet -dumpdir CMakeFiles/cmTC_0bc77.dir/ -dumpbase CMakeCCompilerABI.c.c -dumpbase-ext .c -mtune=generic -march=x86-64 -version -fdiagnostics-color=always -o /tmp/ccwCAymD.s]
  ignore line: [GNU C17 (GCC) version 12.2.1 20230201 (x86_64-pc-linux-gnu)]
  ignore line: [	compiled by GNU C version 12.2.1 20230201  GMP version 6.2.1  MPFR version 4.2.0  MPC version 1.3.1  isl version isl-0.25-GMP]
  ignore line: []
  ignore line: [GGC heuristics: --param ggc-min-expand=100 --param ggc-min-heapsize=131072]
  ignore line: [ignoring nonexistent directory "/usr/lib/gcc/x86_64-pc-linux-gnu/12.2.1/../../../../x86_64-pc-linux-gnu/include"]
  ignore line: [#include "..." search starts here:]
  ignore line: [#include <...> search starts here:]
  ignore line: [ /usr/lib/gcc/x86_64-pc-linux-gnu/12.2.1/include]
  ignore line: [ /usr/local/include]
  ignore line: [ /usr/lib/gcc/x86_64-pc-linux-gnu/12.2.1/include-fixed]
  ignore line: [ /usr/include]
  ignore line: [End of search list.]
  ignore line: [GNU C17 (GCC) version 12.2.1 20230201 (x86_64-pc-linux-gnu)]
  ignore line: [	compiled by GNU C version 12.2.1 20230201  GMP version 6.2.1  MPFR version 4.2.0  MPC version 1.3.1  isl version isl-0.25-GMP]
  ignore line: []
  ignore line: [GGC heuristics: --param ggc-min-expand=100 --param ggc-min-heapsize=131072]
  ignore line: [Compiler executable checksum: 99df1fbb4c4d7eeb8d93f0979bfab9ce]
  ignore line: [COLLECT_GCC_OPTIONS='-fdiagnostics-color=always' '-v' '-o' 'CMakeFiles/cmTC_0bc77.dir/CMakeCCompilerABI.c.o' '-c' '-mtune=generic' '-march=x86-64' '-dumpdir' 'CMakeFiles/cmTC_0bc77.dir/']
  ignore line: [ as -v --64 -o CMakeFiles/cmTC_0bc77.dir/CMakeCCompilerABI.c.o /tmp/ccwCAymD.s]
  ignore line: [GNU assembler version 2.40 (x86_64-pc-linux-gnu) using BFD version (GNU Binutils) 2.40]
  ignore line: [COMPILER_PATH=/usr/lib/gcc/x86_64-pc-linux-gnu/12.2.1/:/usr/lib/gcc/x86_64-pc-linux-gnu/12.2.1/:/usr/lib/gcc/x86_64-pc-linux-gnu/:/usr/lib/gcc/x86_64-pc-linux-gnu/12.2.1/:/usr/lib/gcc/x86_64-pc-linux-gnu/]
  ignore line: [LIBRARY_PATH=/usr/lib/gcc/x86_64-pc-linux-gnu/12.2.1/:/usr/lib/gcc/x86_64-pc-linux-gnu/12.2.1/../../../../lib/:/lib/../lib/:/usr/lib/../lib/:/usr/lib/gcc/x86_64-pc-linux-gnu/12.2.1/../../../:/lib/:/usr/lib/]
  ignore line: [COLLECT_GCC_OPTIONS='-fdiagnostics-color=always' '-v' '-o' 'CMakeFiles/cmTC_0bc77.dir/CMakeCCompilerABI.c.o' '-c' '-mtune=generic' '-march=x86-64' '-dumpdir' 'CMakeFiles/cmTC_0bc77.dir/CMakeCCompilerABI.c.']
  ignore line: [Linking C executable cmTC_0bc77]
  ignore line: [/home/jae/Programs/clion-2022.3.1/bin/cmake/linux/x64/bin/cmake -E cmake_link_script CMakeFiles/cmTC_0bc77.dir/link.txt --verbose=1]
  ignore line: [/usr/bin/cc  -v CMakeFiles/cmTC_0bc77.dir/CMakeCCompilerABI.c.o -o cmTC_0bc77 ]
  ignore line: [Using built-in specs.]
  ignore line: [COLLECT_GCC=/usr/bin/cc]
  ignore line: [COLLECT_LTO_WRAPPER=/usr/lib/gcc/x86_64-pc-linux-gnu/12.2.1/lto-wrapper]
  ignore line: [Target: x86_64-pc-linux-gnu]
  ignore line: [Configured with: /build/gcc/src/gcc/configure --enable-languages=c c++ ada fortran go lto objc obj-c++ d --enable-bootstrap --prefix=/usr --libdir=/usr/lib --libexecdir=/usr/lib --mandir=/usr/share/man --infodir=/usr/share/info --with-bugurl=https://bugs.archlinux.org/ --with-build-config=bootstrap-lto --with-linker-hash-style=gnu --with-system-zlib --enable-__cxa_atexit --enable-cet=auto --enable-checking=release --enable-clocale=gnu --enable-default-pie --enable-default-ssp --enable-gnu-indirect-function --enable-gnu-unique-object --enable-libstdcxx-backtrace --enable-link-serialization=1 --enable-linker-build-id --enable-lto --enable-multilib --enable-plugin --enable-shared --enable-threads=posix --disable-libssp --disable-libstdcxx-pch --disable-werror]
  ignore line: [Thread model: posix]
  ignore line: [Supported LTO compression algorithms: zlib zstd]
  ignore line: [gcc version 12.2.1 20230201 (GCC) ]
  ignore line: [COMPILER_PATH=/usr/lib/gcc/x86_64-pc-linux-gnu/12.2.1/:/usr/lib/gcc/x86_64-pc-linux-gnu/12.2.1/:/usr/lib/gcc/x86_64-pc-linux-gnu/:/usr/lib/gcc/x86_64-pc-linux-gnu/12.2.1/:/usr/lib/gcc/x86_64-pc-linux-gnu/]
  ignore line: [LIBRARY_PATH=/usr/lib/gcc/x86_64-pc-linux-gnu/12.2.1/:/usr/lib/gcc/x86_64-pc-linux-gnu/12.2.1/../../../../lib/:/lib/../lib/:/usr/lib/../lib/:/usr/lib/gcc/x86_64-pc-linux-gnu/12.2.1/../../../:/lib/:/usr/lib/]
  ignore line: [COLLECT_GCC_OPTIONS='-v' '-o' 'cmTC_0bc77' '-mtune=generic' '-march=x86-64' '-dumpdir' 'cmTC_0bc77.']
  link line: [ /usr/lib/gcc/x86_64-pc-linux-gnu/12.2.1/collect2 -plugin /usr/lib/gcc/x86_64-pc-linux-gnu/12.2.1/liblto_plugin.so -plugin-opt=/usr/lib/gcc/x86_64-pc-linux-gnu/12.2.1/lto-wrapper -plugin-opt=-fresolution=/tmp/ccqqUAgN.res -plugin-opt=-pass-through=-lgcc -plugin-opt=-pass-through=-lgcc_s -plugin-opt=-pass-through=-lc -plugin-opt=-pass-through=-lgcc -plugin-opt=-pass-through=-lgcc_s --build-id --eh-frame-hdr --hash-style=gnu -m elf_x86_64 -dynamic-linker /lib64/ld-linux-x86-64.so.2 -pie -o cmTC_0bc77 /usr/lib/gcc/x86_64-pc-linux-gnu/12.2.1/../../../../lib/Scrt1.o /usr/lib/gcc/x86_64-pc-linux-gnu/12.2.1/../../../../lib/crti.o /usr/lib/gcc/x86_64-pc-linux-gnu/12.2.1/crtbeginS.o -L/usr/lib/gcc/x86_64-pc-linux-gnu/12.2.1 -L/usr/lib/gcc/x86_64-pc-linux-gnu/12.2.1/../../../../lib -L/lib/../lib -L/usr/lib/../lib -L/usr/lib/gcc/x86_64-pc-linux-gnu/12.2.1/../../.. CMakeFiles/cmTC_0bc77.dir/CMakeCCompilerABI.c.o -lgcc --push-state --as-needed -lgcc_s --pop-state -lc -lgcc --push-state --as-needed -lgcc_s --pop-state /usr/lib/gcc/x86_64-pc-linux-gnu/12.2.1/crtendS.o /usr/lib/gcc/x86_64-pc-linux-gnu/12.2.1/../../../../lib/crtn.o]
    arg [/usr/lib/gcc/x86_64-pc-linux-gnu/12.2.1/collect2] ==> ignore
    arg [-plugin] ==> ignore
    arg [/usr/lib/gcc/x86_64-pc-linux-gnu/12.2.1/liblto_plugin.so] ==> ignore
    arg [-plugin-opt=/usr/lib/gcc/x86_64-pc-linux-gnu/12.2.1/lto-wrapper] ==> ignore
    arg [-plugin-opt=-fresolution=/tmp/ccqqUAgN.res] ==> ignore
    arg [-plugin-opt=-pass-through=-lgcc] ==> ignore
    arg [-plugin-opt=-pass-through=-lgcc_s] ==> ignore
    arg [-plugin-opt=-pass-through=-lc] ==> ignore
    arg [-plugin-opt=-pass-through=-lgcc] ==> ignore
    arg [-plugin-opt=-pass-through=-lgcc_s] ==> ignore
    arg [--build-id] ==> ignore
    arg [--eh-frame-hdr] ==> ignore
    arg [--hash-style=gnu] ==> ignore
    arg [-m] ==> ignore
    arg [elf_x86_64] ==> ignore
    arg [-dynamic-linker] ==> ignore
    arg [/lib64/ld-linux-x86-64.so.2] ==> ignore
    arg [-pie] ==> ignore
    arg [-o] ==> ignore
    arg [cmTC_0bc77] ==> ignore
    arg [/usr/lib/gcc/x86_64-pc-linux-gnu/12.2.1/../../../../lib/Scrt1.o] ==> obj [/usr/lib/gcc/x86_64-pc-linux-gnu/12.2.1/../../../../lib/Scrt1.o]
    arg [/usr/lib/gcc/x86_64-pc-linux-gnu/12.2.1/../../../../lib/crti.o] ==> obj [/usr/lib/gcc/x86_64-pc-linux-gnu/12.2.1/../../../../lib/crti.o]
    arg [/usr/lib/gcc/x86_64-pc-linux-gnu/12.2.1/crtbeginS.o] ==> obj [/usr/lib/gcc/x86_64-pc-linux-gnu/12.2.1/crtbeginS.o]
    arg [-L/usr/lib/gcc/x86_64-pc-linux-gnu/12.2.1] ==> dir [/usr/lib/gcc/x86_64-pc-linux-gnu/12.2.1]
    arg [-L/usr/lib/gcc/x86_64-pc-linux-gnu/12.2.1/../../../../lib] ==> dir [/usr/lib/gcc/x86_64-pc-linux-gnu/12.2.1/../../../../lib]
    arg [-L/lib/../lib] ==> dir [/lib/../lib]
    arg [-L/usr/lib/../lib] ==> dir [/usr/lib/../lib]
    arg [-L/usr/lib/gcc/x86_64-pc-linux-gnu/12.2.1/../../..] ==> dir [/usr/lib/gcc/x86_64-pc-linux-gnu/12.2.1/../../..]
    arg [CMakeFiles/cmTC_0bc77.dir/CMakeCCompilerABI.c.o] ==> ignore
    arg [-lgcc] ==> lib [gcc]
    arg [--push-state] ==> ignore
    arg [--as-needed] ==> ignore
    arg [-lgcc_s] ==> lib [gcc_s]
    arg [--pop-state] ==> ignore
    arg [-lc] ==> lib [c]
    arg [-lgcc] ==> lib [gcc]
    arg [--push-state] ==> ignore
    arg [--as-needed] ==> ignore
    arg [-lgcc_s] ==> lib [gcc_s]
    arg [--pop-state] ==> ignore
    arg [/usr/lib/gcc/x86_64-pc-linux-gnu/12.2.1/crtendS.o] ==> obj [/usr/lib/gcc/x86_64-pc-linux-gnu/12.2.1/crtendS.o]
    arg [/usr/lib/gcc/x86_64-pc-linux-gnu/12.2.1/../../../../lib/crtn.o] ==> obj [/usr/lib/gcc/x86_64-pc-linux-gnu/12.2.1/../../../../lib/crtn.o]
  collapse obj [/usr/lib/gcc/x86_64-pc-linux-gnu/12.2.1/../../../../lib/Scrt1.o] ==> [/usr/lib/Scrt1.o]
  collapse obj [/usr/lib/gcc/x86_64-pc-linux-gnu/12.2.1/../../../../lib/crti.o] ==> [/usr/lib/crti.o]
  collapse obj [/usr/lib/gcc/x86_64-pc-linux-gnu/12.2.1/../../../../lib/crtn.o] ==> [/usr/lib/crtn.o]
  collapse library dir [/usr/lib/gcc/x86_64-pc-linux-gnu/12.2.1] ==> [/usr/lib/gcc/x86_64-pc-linux-gnu/12.2.1]
  collapse library dir [/usr/lib/gcc/x86_64-pc-linux-gnu/12.2.1/../../../../lib] ==> [/usr/lib]
  collapse library dir [/lib/../lib] ==> [/lib]
  collapse library dir [/usr/lib/../lib] ==> [/usr/lib]
  collapse library dir [/usr/lib/gcc/x86_64-pc-linux-gnu/12.2.1/../../..] ==> [/usr/lib]
  implicit libs: [gcc;gcc_s;c;gcc;gcc_s]
  implicit objs: [/usr/lib/Scrt1.o;/usr/lib/crti.o;/usr/lib/gcc/x86_64-pc-linux-gnu/12.2.1/crtbeginS.o;/usr/lib/gcc/x86_64-pc-linux-gnu/12.2.1/crtendS.o;/usr/lib/crtn.o]
  implicit dirs: [/usr/lib/gcc/x86_64-pc-linux-gnu/12.2.1;/usr/lib;/lib]
  implicit fwks: []


Detecting CXX compiler ABI info compiled with the following output:
Change Dir: /home/jae/CLionProjects/test/Lily/cmake-build-debug/CMakeFiles/CMakeScratch/TryCompile-MUMOyN

Run Build Command(s):/usr/bin/make -f Makefile cmTC_edba4/fast && /usr/bin/make  -f CMakeFiles/cmTC_edba4.dir/build.make CMakeFiles/cmTC_edba4.dir/build
make[1]: Entering directory '/home/jae/CLionProjects/test/Lily/cmake-build-debug/CMakeFiles/CMakeScratch/TryCompile-MUMOyN'
Building CXX object CMakeFiles/cmTC_edba4.dir/CMakeCXXCompilerABI.cpp.o
/usr/bin/c++   -fdiagnostics-color=always   -v -o CMakeFiles/cmTC_edba4.dir/CMakeCXXCompilerABI.cpp.o -c /home/jae/Programs/clion-2022.3.1/bin/cmake/linux/x64/share/cmake-3.25/Modules/CMakeCXXCompilerABI.cpp
Using built-in specs.
COLLECT_GCC=/usr/bin/c++
Target: x86_64-pc-linux-gnu
Configured with: /build/gcc/src/gcc/configure --enable-languages=c,c++,ada,fortran,go,lto,objc,obj-c++,d --enable-bootstrap --prefix=/usr --libdir=/usr/lib --libexecdir=/usr/lib --mandir=/usr/share/man --infodir=/usr/share/info --with-bugurl=https://bugs.archlinux.org/ --with-build-config=bootstrap-lto --with-linker-hash-style=gnu --with-system-zlib --enable-__cxa_atexit --enable-cet=auto --enable-checking=release --enable-clocale=gnu --enable-default-pie --enable-default-ssp --enable-gnu-indirect-function --enable-gnu-unique-object --enable-libstdcxx-backtrace --enable-link-serialization=1 --enable-linker-build-id --enable-lto --enable-multilib --enable-plugin --enable-shared --enable-threads=posix --disable-libssp --disable-libstdcxx-pch --disable-werror
Thread model: posix
Supported LTO compression algorithms: zlib zstd
gcc version 12.2.1 20230201 (GCC) 
COLLECT_GCC_OPTIONS='-fdiagnostics-color=always' '-v' '-o' 'CMakeFiles/cmTC_edba4.dir/CMakeCXXCompilerABI.cpp.o' '-c' '-shared-libgcc' '-mtune=generic' '-march=x86-64' '-dumpdir' 'CMakeFiles/cmTC_edba4.dir/'
 /usr/lib/gcc/x86_64-pc-linux-gnu/12.2.1/cc1plus -quiet -v -D_GNU_SOURCE /home/jae/Programs/clion-2022.3.1/bin/cmake/linux/x64/share/cmake-3.25/Modules/CMakeCXXCompilerABI.cpp -quiet -dumpdir CMakeFiles/cmTC_edba4.dir/ -dumpbase CMakeCXXCompilerABI.cpp.cpp -dumpbase-ext .cpp -mtune=generic -march=x86-64 -version -fdiagnostics-color=always -o /tmp/ccShKRsu.s
GNU C++17 (GCC) version 12.2.1 20230201 (x86_64-pc-linux-gnu)
	compiled by GNU C version 12.2.1 20230201, GMP version 6.2.1, MPFR version 4.2.0, MPC version 1.3.1, isl version isl-0.25-GMP

GGC heuristics: --param ggc-min-expand=100 --param ggc-min-heapsize=131072
ignoring nonexistent directory "/usr/lib/gcc/x86_64-pc-linux-gnu/12.2.1/../../../../x86_64-pc-linux-gnu/include"
#include "..." search starts here:
#include <...> search starts here:
 /usr/lib/gcc/x86_64-pc-linux-gnu/12.2.1/../../../../include/c++/12.2.1
 /usr/lib/gcc/x86_64-pc-linux-gnu/12.2.1/../../../../include/c++/12.2.1/x86_64-pc-linux-gnu
 /usr/lib/gcc/x86_64-pc-linux-gnu/12.2.1/../../../../include/c++/12.2.1/backward
 /usr/lib/gcc/x86_64-pc-linux-gnu/12.2.1/include
 /usr/local/include
 /usr/lib/gcc/x86_64-pc-linux-gnu/12.2.1/include-fixed
 /usr/include
End of search list.
GNU C++17 (GCC) version 12.2.1 20230201 (x86_64-pc-linux-gnu)
	compiled by GNU C version 12.2.1 20230201, GMP version 6.2.1, MPFR version 4.2.0, MPC version 1.3.1, isl version isl-0.25-GMP

GGC heuristics: --param ggc-min-expand=100 --param ggc-min-heapsize=131072
Compiler executable checksum: ab2adc4aa87e9c5b6e6cb24c55e663d5
COLLECT_GCC_OPTIONS='-fdiagnostics-color=always' '-v' '-o' 'CMakeFiles/cmTC_edba4.dir/CMakeCXXCompilerABI.cpp.o' '-c' '-shared-libgcc' '-mtune=generic' '-march=x86-64' '-dumpdir' 'CMakeFiles/cmTC_edba4.dir/'
 as -v --64 -o CMakeFiles/cmTC_edba4.dir/CMakeCXXCompilerABI.cpp.o /tmp/ccShKRsu.s
GNU assembler version 2.40 (x86_64-pc-linux-gnu) using BFD version (GNU Binutils) 2.40
COMPILER_PATH=/usr/lib/gcc/x86_64-pc-linux-gnu/12.2.1/:/usr/lib/gcc/x86_64-pc-linux-gnu/12.2.1/:/usr/lib/gcc/x86_64-pc-linux-gnu/:/usr/lib/gcc/x86_64-pc-linux-gnu/12.2.1/:/usr/lib/gcc/x86_64-pc-linux-gnu/
LIBRARY_PATH=/usr/lib/gcc/x86_64-pc-linux-gnu/12.2.1/:/usr/lib/gcc/x86_64-pc-linux-gnu/12.2.1/../../../../lib/:/lib/../lib/:/usr/lib/../lib/:/usr/lib/gcc/x86_64-pc-linux-gnu/12.2.1/../../../:/lib/:/usr/lib/
COLLECT_GCC_OPTIONS='-fdiagnostics-color=always' '-v' '-o' 'CMakeFiles/cmTC_edba4.dir/CMakeCXXCompilerABI.cpp.o' '-c' '-shared-libgcc' '-mtune=generic' '-march=x86-64' '-dumpdir' 'CMakeFiles/cmTC_edba4.dir/CMakeCXXCompilerABI.cpp.'
Linking CXX executable cmTC_edba4
/home/jae/Programs/clion-2022.3.1/bin/cmake/linux/x64/bin/cmake -E cmake_link_script CMakeFiles/cmTC_edba4.dir/link.txt --verbose=1
/usr/bin/c++  -v CMakeFiles/cmTC_edba4.dir/CMakeCXXCompilerABI.cpp.o -o cmTC_edba4 
Using built-in specs.
COLLECT_GCC=/usr/bin/c++
COLLECT_LTO_WRAPPER=/usr/lib/gcc/x86_64-pc-linux-gnu/12.2.1/lto-wrapper
Target: x86_64-pc-linux-gnu
Configured with: /build/gcc/src/gcc/configure --enable-languages=c,c++,ada,fortran,go,lto,objc,obj-c++,d --enable-bootstrap --prefix=/usr --libdir=/usr/lib --libexecdir=/usr/lib --mandir=/usr/share/man --infodir=/usr/share/info --with-bugurl=https://bugs.archlinux.org/ --with-build-config=bootstrap-lto --with-linker-hash-style=gnu --with-system-zlib --enable-__cxa_atexit --enable-cet=auto --enable-checking=release --enable-clocale=gnu --enable-default-pie --enable-default-ssp --enable-gnu-indirect-function --enable-gnu-unique-object --enable-libstdcxx-backtrace --enable-link-serialization=1 --enable-linker-build-id --enable-lto --enable-multilib --enable-plugin --enable-shared --enable-threads=posix --disable-libssp --disable-libstdcxx-pch --disable-werror
Thread model: posix
Supported LTO compression algorithms: zlib zstd
gcc version 12.2.1 20230201 (GCC) 
COMPILER_PATH=/usr/lib/gcc/x86_64-pc-linux-gnu/12.2.1/:/usr/lib/gcc/x86_64-pc-linux-gnu/12.2.1/:/usr/lib/gcc/x86_64-pc-linux-gnu/:/usr/lib/gcc/x86_64-pc-linux-gnu/12.2.1/:/usr/lib/gcc/x86_64-pc-linux-gnu/
LIBRARY_PATH=/usr/lib/gcc/x86_64-pc-linux-gnu/12.2.1/:/usr/lib/gcc/x86_64-pc-linux-gnu/12.2.1/../../../../lib/:/lib/../lib/:/usr/lib/../lib/:/usr/lib/gcc/x86_64-pc-linux-gnu/12.2.1/../../../:/lib/:/usr/lib/
COLLECT_GCC_OPTIONS='-v' '-o' 'cmTC_edba4' '-shared-libgcc' '-mtune=generic' '-march=x86-64' '-dumpdir' 'cmTC_edba4.'
 /usr/lib/gcc/x86_64-pc-linux-gnu/12.2.1/collect2 -plugin /usr/lib/gcc/x86_64-pc-linux-gnu/12.2.1/liblto_plugin.so -plugin-opt=/usr/lib/gcc/x86_64-pc-linux-gnu/12.2.1/lto-wrapper -plugin-opt=-fresolution=/tmp/ccjLx2mj.res -plugin-opt=-pass-through=-lgcc_s -plugin-opt=-pass-through=-lgcc -plugin-opt=-pass-through=-lc -plugin-opt=-pass-through=-lgcc_s -plugin-opt=-pass-through=-lgcc --build-id --eh-frame-hdr --hash-style=gnu -m elf_x86_64 -dynamic-linker /lib64/ld-linux-x86-64.so.2 -pie -o cmTC_edba4 /usr/lib/gcc/x86_64-pc-linux-gnu/12.2.1/../../../../lib/Scrt1.o /usr/lib/gcc/x86_64-pc-linux-gnu/12.2.1/../../../../lib/crti.o /usr/lib/gcc/x86_64-pc-linux-gnu/12.2.1/crtbeginS.o -L/usr/lib/gcc/x86_64-pc-linux-gnu/12.2.1 -L/usr/lib/gcc/x86_64-pc-linux-gnu/12.2.1/../../../../lib -L/lib/../lib -L/usr/lib/../lib -L/usr/lib/gcc/x86_64-pc-linux-gnu/12.2.1/../../.. CMakeFiles/cmTC_edba4.dir/CMakeCXXCompilerABI.cpp.o -lstdc++ -lm -lgcc_s -lgcc -lc -lgcc_s -lgcc /usr/lib/gcc/x86_64-pc-linux-gnu/12.2.1/crtendS.o /usr/lib/gcc/x86_64-pc-linux-gnu/12.2.1/../../../../lib/crtn.o
COLLECT_GCC_OPTIONS='-v' '-o' 'cmTC_edba4' '-shared-libgcc' '-mtune=generic' '-march=x86-64' '-dumpdir' 'cmTC_edba4.'
make[1]: Leaving directory '/home/jae/CLionProjects/test/Lily/cmake-build-debug/CMakeFiles/CMakeScratch/TryCompile-MUMOyN'



Parsed CXX implicit include dir info from above output: rv=done
  found start of include info
  found start of implicit include info
    add: [/usr/lib/gcc/x86_64-pc-linux-gnu/12.2.1/../../../../include/c++/12.2.1]
    add: [/usr/lib/gcc/x86_64-pc-linux-gnu/12.2.1/../../../../include/c++/12.2.1/x86_64-pc-linux-gnu]
    add: [/usr/lib/gcc/x86_64-pc-linux-gnu/12.2.1/../../../../include/c++/12.2.1/backward]
    add: [/usr/lib/gcc/x86_64-pc-linux-gnu/12.2.1/include]
    add: [/usr/local/include]
    add: [/usr/lib/gcc/x86_64-pc-linux-gnu/12.2.1/include-fixed]
    add: [/usr/include]
  end of search list found
  collapse include dir [/usr/lib/gcc/x86_64-pc-linux-gnu/12.2.1/../../../../include/c++/12.2.1] ==> [/usr/include/c++/12.2.1]
  collapse include dir [/usr/lib/gcc/x86_64-pc-linux-gnu/12.2.1/../../../../include/c++/12.2.1/x86_64-pc-linux-gnu] ==> [/usr/include/c++/12.2.1/x86_64-pc-linux-gnu]
  collapse include dir [/usr/lib/gcc/x86_64-pc-linux-gnu/12.2.1/../../../../include/c++/12.2.1/backward] ==> [/usr/include/c++/12.2.1/backward]
  collapse include dir [/usr/lib/gcc/x86_64-pc-linux-gnu/12.2.1/include] ==> [/usr/lib/gcc/x86_64-pc-linux-gnu/12.2.1/include]
  collapse include dir [/usr/local/include] ==> [/usr/local/include]
  collapse include dir [/usr/lib/gcc/x86_64-pc-linux-gnu/12.2.1/include-fixed] ==> [/usr/lib/gcc/x86_64-pc-linux-gnu/12.2.1/include-fixed]
  collapse include dir [/usr/include] ==> [/usr/include]
  implicit include dirs: [/usr/include/c++/12.2.1;/usr/include/c++/12.2.1/x86_64-pc-linux-gnu;/usr/include/c++/12.2.1/backward;/usr/lib/gcc/x86_64-pc-linux-gnu/12.2.1/include;/usr/local/include;/usr/lib/gcc/x86_64-pc-linux-gnu/12.2.1/include-fixed;/usr/include]


Parsed CXX implicit link information from above output:
  link line regex: [^( *|.*[/\])(ld|CMAKE_LINK_STARTFILE-NOTFOUND|([^/\]+-)?ld|collect2)[^/\]*( |$)]
  ignore line: [Change Dir: /home/jae/CLionProjects/test/Lily/cmake-build-debug/CMakeFiles/CMakeScratch/TryCompile-MUMOyN]
  ignore line: []
  ignore line: [Run Build Command(s):/usr/bin/make -f Makefile cmTC_edba4/fast && /usr/bin/make  -f CMakeFiles/cmTC_edba4.dir/build.make CMakeFiles/cmTC_edba4.dir/build]
  ignore line: [make[1]: Entering directory '/home/jae/CLionProjects/test/Lily/cmake-build-debug/CMakeFiles/CMakeScratch/TryCompile-MUMOyN']
  ignore line: [Building CXX object CMakeFiles/cmTC_edba4.dir/CMakeCXXCompilerABI.cpp.o]
  ignore line: [/usr/bin/c++   -fdiagnostics-color=always   -v -o CMakeFiles/cmTC_edba4.dir/CMakeCXXCompilerABI.cpp.o -c /home/jae/Programs/clion-2022.3.1/bin/cmake/linux/x64/share/cmake-3.25/Modules/CMakeCXXCompilerABI.cpp]
  ignore line: [Using built-in specs.]
  ignore line: [COLLECT_GCC=/usr/bin/c++]
  ignore line: [Target: x86_64-pc-linux-gnu]
  ignore line: [Configured with: /build/gcc/src/gcc/configure --enable-languages=c c++ ada fortran go lto objc obj-c++ d --enable-bootstrap --prefix=/usr --libdir=/usr/lib --libexecdir=/usr/lib --mandir=/usr/share/man --infodir=/usr/share/info --with-bugurl=https://bugs.archlinux.org/ --with-build-config=bootstrap-lto --with-linker-hash-style=gnu --with-system-zlib --enable-__cxa_atexit --enable-cet=auto --enable-checking=release --enable-clocale=gnu --enable-default-pie --enable-default-ssp --enable-gnu-indirect-function --enable-gnu-unique-object --enable-libstdcxx-backtrace --enable-link-serialization=1 --enable-linker-build-id --enable-lto --enable-multilib --enable-plugin --enable-shared --enable-threads=posix --disable-libssp --disable-libstdcxx-pch --disable-werror]
  ignore line: [Thread model: posix]
  ignore line: [Supported LTO compression algorithms: zlib zstd]
  ignore line: [gcc version 12.2.1 20230201 (GCC) ]
  ignore line: [COLLECT_GCC_OPTIONS='-fdiagnostics-color=always' '-v' '-o' 'CMakeFiles/cmTC_edba4.dir/CMakeCXXCompilerABI.cpp.o' '-c' '-shared-libgcc' '-mtune=generic' '-march=x86-64' '-dumpdir' 'CMakeFiles/cmTC_edba4.dir/']
  ignore line: [ /usr/lib/gcc/x86_64-pc-linux-gnu/12.2.1/cc1plus -quiet -v -D_GNU_SOURCE /home/jae/Programs/clion-2022.3.1/bin/cmake/linux/x64/share/cmake-3.25/Modules/CMakeCXXCompilerABI.cpp -quiet -dumpdir CMakeFiles/cmTC_edba4.dir/ -dumpbase CMakeCXXCompilerABI.cpp.cpp -dumpbase-ext .cpp -mtune=generic -march=x86-64 -version -fdiagnostics-color=always -o /tmp/ccShKRsu.s]
  ignore line: [GNU C++17 (GCC) version 12.2.1 20230201 (x86_64-pc-linux-gnu)]
  ignore line: [	compiled by GNU C version 12.2.1 20230201  GMP version 6.2.1  MPFR version 4.2.0  MPC version 1.3.1  isl version isl-0.25-GMP]
  ignore line: []
  ignore line: [GGC heuristics: --param ggc-min-expand=100 --param ggc-min-heapsize=131072]
  ignore line: [ignoring nonexistent directory "/usr/lib/gcc/x86_64-pc-linux-gnu/12.2.1/../../../../x86_64-pc-linux-gnu/include"]
  ignore line: [#include "..." search starts here:]
  ignore line: [#include <...> search starts here:]
  ignore line: [ /usr/lib/gcc/x86_64-pc-linux-gnu/12.2.1/../../../../include/c++/12.2.1]
  ignore line: [ /usr/lib/gcc/x86_64-pc-linux-gnu/12.2.1/../../../../include/c++/12.2.1/x86_64-pc-linux-gnu]
  ignore line: [ /usr/lib/gcc/x86_64-pc-linux-gnu/12.2.1/../../../../include/c++/12.2.1/backward]
  ignore line: [ /usr/lib/gcc/x86_64-pc-linux-gnu/12.2.1/include]
  ignore line: [ /usr/local/include]
  ignore line: [ /usr/lib/gcc/x86_64-pc-linux-gnu/12.2.1/include-fixed]
  ignore line: [ /usr/include]
  ignore line: [End of search list.]
  ignore line: [GNU C++17 (GCC) version 12.2.1 20230201 (x86_64-pc-linux-gnu)]
  ignore line: [	compiled by GNU C version 12.2.1 20230201  GMP version 6.2.1  MPFR version 4.2.0  MPC version 1.3.1  isl version isl-0.25-GMP]
  ignore line: []
  ignore line: [GGC heuristics: --param ggc-min-expand=100 --param ggc-min-heapsize=131072]
  ignore line: [Compiler executable checksum: ab2adc4aa87e9c5b6e6cb24c55e663d5]
  ignore line: [COLLECT_GCC_OPTIONS='-fdiagnostics-color=always' '-v' '-o' 'CMakeFiles/cmTC_edba4.dir/CMakeCXXCompilerABI.cpp.o' '-c' '-shared-libgcc' '-mtune=generic' '-march=x86-64' '-dumpdir' 'CMakeFiles/cmTC_edba4.dir/']
  ignore line: [ as -v --64 -o CMakeFiles/cmTC_edba4.dir/CMakeCXXCompilerABI.cpp.o /tmp/ccShKRsu.s]
  ignore line: [GNU assembler version 2.40 (x86_64-pc-linux-gnu) using BFD version (GNU Binutils) 2.40]
  ignore line: [COMPILER_PATH=/usr/lib/gcc/x86_64-pc-linux-gnu/12.2.1/:/usr/lib/gcc/x86_64-pc-linux-gnu/12.2.1/:/usr/lib/gcc/x86_64-pc-linux-gnu/:/usr/lib/gcc/x86_64-pc-linux-gnu/12.2.1/:/usr/lib/gcc/x86_64-pc-linux-gnu/]
  ignore line: [LIBRARY_PATH=/usr/lib/gcc/x86_64-pc-linux-gnu/12.2.1/:/usr/lib/gcc/x86_64-pc-linux-gnu/12.2.1/../../../../lib/:/lib/../lib/:/usr/lib/../lib/:/usr/lib/gcc/x86_64-pc-linux-gnu/12.2.1/../../../:/lib/:/usr/lib/]
  ignore line: [COLLECT_GCC_OPTIONS='-fdiagnostics-color=always' '-v' '-o' 'CMakeFiles/cmTC_edba4.dir/CMakeCXXCompilerABI.cpp.o' '-c' '-shared-libgcc' '-mtune=generic' '-march=x86-64' '-dumpdir' 'CMakeFiles/cmTC_edba4.dir/CMakeCXXCompilerABI.cpp.']
  ignore line: [Linking CXX executable cmTC_edba4]
  ignore line: [/home/jae/Programs/clion-2022.3.1/bin/cmake/linux/x64/bin/cmake -E cmake_link_script CMakeFiles/cmTC_edba4.dir/link.txt --verbose=1]
  ignore line: [/usr/bin/c++  -v CMakeFiles/cmTC_edba4.dir/CMakeCXXCompilerABI.cpp.o -o cmTC_edba4 ]
  ignore line: [Using built-in specs.]
  ignore line: [COLLECT_GCC=/usr/bin/c++]
  ignore line: [COLLECT_LTO_WRAPPER=/usr/lib/gcc/x86_64-pc-linux-gnu/12.2.1/lto-wrapper]
  ignore line: [Target: x86_64-pc-linux-gnu]
  ignore line: [Configured with: /build/gcc/src/gcc/configure --enable-languages=c c++ ada fortran go lto objc obj-c++ d --enable-bootstrap --prefix=/usr --libdir=/usr/lib --libexecdir=/usr/lib --mandir=/usr/share/man --infodir=/usr/share/info --with-bugurl=https://bugs.archlinux.org/ --with-build-config=bootstrap-lto --with-linker-hash-style=gnu --with-system-zlib --enable-__cxa_atexit --enable-cet=auto --enable-checking=release --enable-clocale=gnu --enable-default-pie --enable-default-ssp --enable-gnu-indirect-function --enable-gnu-unique-object --enable-libstdcxx-backtrace --enable-link-serialization=1 --enable-linker-build-id --enable-lto --enable-multilib --enable-plugin --enable-shared --enable-threads=posix --disable-libssp --disable-libstdcxx-pch --disable-werror]
  ignore line: [Thread model: posix]
  ignore line: [Supported LTO compression algorithms: zlib zstd]
  ignore line: [gcc version 12.2.1 20230201 (GCC) ]
  ignore line: [COMPILER_PATH=/usr/lib/gcc/x86_64-pc-linux-gnu/12.2.1/:/usr/lib/gcc/x86_64-pc-linux-gnu/12.2.1/:/usr/lib/gcc/x86_64-pc-linux-gnu/:/usr/lib/gcc/x86_64-pc-linux-gnu/12.2.1/:/usr/lib/gcc/x86_64-pc-linux-gnu/]
  ignore line: [LIBRARY_PATH=/usr/lib/gcc/x86_64-pc-linux-gnu/12.2.1/:/usr/lib/gcc/x86_64-pc-linux-gnu/12.2.1/../../../../lib/:/lib/../lib/:/usr/lib/../lib/:/usr/lib/gcc/x86_64-pc-linux-gnu/12.2.1/../../../:/lib/:/usr/lib/]
  ignore line: [COLLECT_GCC_OPTIONS='-v' '-o' 'cmTC_edba4' '-shared-libgcc' '-mtune=generic' '-march=x86-64' '-dumpdir' 'cmTC_edba4.']
  link line: [ /usr/lib/gcc/x86_64-pc-linux-gnu/12.2.1/collect2 -plugin /usr/lib/gcc/x86_64-pc-linux-gnu/12.2.1/liblto_plugin.so -plugin-opt=/usr/lib/gcc/x86_64-pc-linux-gnu/12.2.1/lto-wrapper -plugin-opt=-fresolution=/tmp/ccjLx2mj.res -plugin-opt=-pass-through=-lgcc_s -plugin-opt=-pass-through=-lgcc -plugin-opt=-pass-through=-lc -plugin-opt=-pass-through=-lgcc_s -plugin-opt=-pass-through=-lgcc --build-id --eh-frame-hdr --hash-style=gnu -m elf_x86_64 -dynamic-linker /lib64/ld-linux-x86-64.so.2 -pie -o cmTC_edba4 /usr/lib/gcc/x86_64-pc-linux-gnu/12.2.1/../../../../lib/Scrt1.o /usr/lib/gcc/x86_64-pc-linux-gnu/12.2.1/../../../../lib/crti.o /usr/lib/gcc/x86_64-pc-linux-gnu/12.2.1/crtbeginS.o -L/usr/lib/gcc/x86_64-pc-linux-gnu/12.2.1 -L/usr/lib/gcc/x86_64-pc-linux-gnu/12.2.1/../../../../lib -L/lib/../lib -L/usr/lib/../lib -L/usr/lib/gcc/x86_64-pc-linux-gnu/12.2.1/../../.. CMakeFiles/cmTC_edba4.dir/CMakeCXXCompilerABI.cpp.o -lstdc++ -lm -lgcc_s -lgcc -lc -lgcc_s -lgcc /usr/lib/gcc/x86_64-pc-linux-gnu/12.2.1/crtendS.o /usr/lib/gcc/x86_64-pc-linux-gnu/12.2.1/../../../../lib/crtn.o]
    arg [/usr/lib/gcc/x86_64-pc-linux-gnu/12.2.1/collect2] ==> ignore
    arg [-plugin] ==> ignore
    arg [/usr/lib/gcc/x86_64-pc-linux-gnu/12.2.1/liblto_plugin.so] ==> ignore
    arg [-plugin-opt=/usr/lib/gcc/x86_64-pc-linux-gnu/12.2.1/lto-wrapper] ==> ignore
    arg [-plugin-opt=-fresolution=/tmp/ccjLx2mj.res] ==> ignore
    arg [-plugin-opt=-pass-through=-lgcc_s] ==> ignore
    arg [-plugin-opt=-pass-through=-lgcc] ==> ignore
    arg [-plugin-opt=-pass-through=-lc] ==> ignore
    arg [-plugin-opt=-pass-through=-lgcc_s] ==> ignore
    arg [-plugin-opt=-pass-through=-lgcc] ==> ignore
    arg [--build-id] ==> ignore
    arg [--eh-frame-hdr] ==> ignore
    arg [--hash-style=gnu] ==> ignore
    arg [-m] ==> ignore
    arg [elf_x86_64] ==> ignore
    arg [-dynamic-linker] ==> ignore
    arg [/lib64/ld-linux-x86-64.so.2] ==> ignore
    arg [-pie] ==> ignore
    arg [-o] ==> ignore
    arg [cmTC_edba4] ==> ignore
    arg [/usr/lib/gcc/x86_64-pc-linux-gnu/12.2.1/../../../../lib/Scrt1.o] ==> obj [/usr/lib/gcc/x86_64-pc-linux-gnu/12.2.1/../../../../lib/Scrt1.o]
    arg [/usr/lib/gcc/x86_64-pc-linux-gnu/12.2.1/../../../../lib/crti.o] ==> obj [/usr/lib/gcc/x86_64-pc-linux-gnu/12.2.1/../../../../lib/crti.o]
    arg [/usr/lib/gcc/x86_64-pc-linux-gnu/12.2.1/crtbeginS.o] ==> obj [/usr/lib/gcc/x86_64-pc-linux-gnu/12.2.1/crtbeginS.o]
    arg [-L/usr/lib/gcc/x86_64-pc-linux-gnu/12.2.1] ==> dir [/usr/lib/gcc/x86_64-pc-linux-gnu/12.2.1]
    arg [-L/usr/lib/gcc/x86_64-pc-linux-gnu/12.2.1/../../../../lib] ==> dir [/usr/lib/gcc/x86_64-pc-linux-gnu/12.2.1/../../../../lib]
    arg [-L/lib/../lib] ==> dir [/lib/../lib]
    arg [-L/usr/lib/../lib] ==> dir [/usr/lib/../lib]
    arg [-L/usr/lib/gcc/x86_64-pc-linux-gnu/12.2.1/../../..] ==> dir [/usr/lib/gcc/x86_64-pc-linux-gnu/12.2.1/../../..]
    arg [CMakeFiles/cmTC_edba4.dir/CMakeCXXCompilerABI.cpp.o] ==> ignore
    arg [-lstdc++] ==> lib [stdc++]
    arg [-lm] ==> lib [m]
    arg [-lgcc_s] ==> lib [gcc_s]
    arg [-lgcc] ==> lib [gcc]
    arg [-lc] ==> lib [c]
    arg [-lgcc_s] ==> lib [gcc_s]
    arg [-lgcc] ==> lib [gcc]
    arg [/usr/lib/gcc/x86_64-pc-linux-gnu/12.2.1/crtendS.o] ==> obj [/usr/lib/gcc/x86_64-pc-linux-gnu/12.2.1/crtendS.o]
    arg [/usr/lib/gcc/x86_64-pc-linux-gnu/12.2.1/../../../../lib/crtn.o] ==> obj [/usr/lib/gcc/x86_64-pc-linux-gnu/12.2.1/../../../../lib/crtn.o]
  collapse obj [/usr/lib/gcc/x86_64-pc-linux-gnu/12.2.1/../../../../lib/Scrt1.o] ==> [/usr/lib/Scrt1.o]
  collapse obj [/usr/lib/gcc/x86_64-pc-linux-gnu/12.2.1/../../../../lib/crti.o] ==> [/usr/lib/crti.o]
  collapse obj [/usr/lib/gcc/x86_64-pc-linux-gnu/12.2.1/../../../../lib/crtn.o] ==> [/usr/lib/crtn.o]
  collapse library dir [/usr/lib/gcc/x86_64-pc-linux-gnu/12.2.1] ==> [/usr/lib/gcc/x86_64-pc-linux-gnu/12.2.1]
  collapse library dir [/usr/lib/gcc/x86_64-pc-linux-gnu/12.2.1/../../../../lib] ==> [/usr/lib]
  collapse library dir [/lib/../lib] ==> [/lib]
  collapse library dir [/usr/lib/../lib] ==> [/usr/lib]
  collapse library dir [/usr/lib/gcc/x86_64-pc-linux-gnu/12.2.1/../../..] ==> [/usr/lib]
  implicit libs: [stdc++;m;gcc_s;gcc;c;gcc_s;gcc]
  implicit objs: [/usr/lib/Scrt1.o;/usr/lib/crti.o;/usr/lib/gcc/x86_64-pc-linux-gnu/12.2.1/crtbeginS.o;/usr/lib/gcc/x86_64-pc-linux-gnu/12.2.1/crtendS.o;/usr/lib/crtn.o]
  implicit dirs: [/usr/lib/gcc/x86_64-pc-linux-gnu/12.2.1;/usr/lib;/lib]
  implicit fwks: []


Performing C SOURCE FILE Test CMAKE_HAVE_LIBC_PTHREAD succeeded with the following output:
Change Dir: /home/jae/CLionProjects/test/Lily/cmake-build-debug/CMakeFiles/CMakeScratch/TryCompile-vqJllK

Run Build Command(s):/usr/bin/make -f Makefile cmTC_7b3b5/fast && /usr/bin/make  -f CMakeFiles/cmTC_7b3b5.dir/build.make CMakeFiles/cmTC_7b3b5.dir/build
make[1]: Entering directory '/home/jae/CLionProjects/test/Lily/cmake-build-debug/CMakeFiles/CMakeScratch/TryCompile-vqJllK'
Building C object CMakeFiles/cmTC_7b3b5.dir/src.c.o
/usr/bin/cc -DCMAKE_HAVE_LIBC_PTHREAD  -fdiagnostics-color=always -o CMakeFiles/cmTC_7b3b5.dir/src.c.o -c /home/jae/CLionProjects/test/Lily/cmake-build-debug/CMakeFiles/CMakeScratch/TryCompile-vqJllK/src.c
Linking C executable cmTC_7b3b5
/home/jae/Programs/clion-2022.3.1/bin/cmake/linux/x64/bin/cmake -E cmake_link_script CMakeFiles/cmTC_7b3b5.dir/link.txt --verbose=1
/usr/bin/cc CMakeFiles/cmTC_7b3b5.dir/src.c.o -o cmTC_7b3b5 
make[1]: Leaving directory '/home/jae/CLionProjects/test/Lily/cmake-build-debug/CMakeFiles/CMakeScratch/TryCompile-vqJllK'


Source file was:
#include <pthread.h>

static void* test_func(void* data)
{
  return data;
}

int main(void)
{
  pthread_t thread;
  pthread_create(&thread, NULL, test_func, NULL);
  pthread_detach(thread);
  pthread_cancel(thread);
  pthread_join(thread, NULL);
  pthread_atfork(NULL, NULL, NULL);
  pthread_exit(NULL);

  return 0;
}


Determining if the function XOpenDisplay exists in the /usr/lib/libX11.so;/usr/lib/libXext.so passed with the following output:
Change Dir: /home/jae/CLionProjects/test/Lily/cmake-build-debug/CMakeFiles/CMakeScratch/TryCompile-rhb0ly

Run Build Command(s):/usr/bin/make -f Makefile cmTC_54a1a/fast && /usr/bin/make  -f CMakeFiles/cmTC_54a1a.dir/build.make CMakeFiles/cmTC_54a1a.dir/build
make[1]: Entering directory '/home/jae/CLionProjects/test/Lily/cmake-build-debug/CMakeFiles/CMakeScratch/TryCompile-rhb0ly'
Building C object CMakeFiles/cmTC_54a1a.dir/CheckFunctionExists.c.o
/usr/bin/cc   -DCHECK_FUNCTION_EXISTS=XOpenDisplay -fdiagnostics-color=always -o CMakeFiles/cmTC_54a1a.dir/CheckFunctionExists.c.o -c /home/jae/CLionProjects/test/Lily/cmake-build-debug/CMakeFiles/CMakeScratch/TryCompile-rhb0ly/CheckFunctionExists.c
Linking C executable cmTC_54a1a
/home/jae/Programs/clion-2022.3.1/bin/cmake/linux/x64/bin/cmake -E cmake_link_script CMakeFiles/cmTC_54a1a.dir/link.txt --verbose=1
/usr/bin/cc  -DCHECK_FUNCTION_EXISTS=XOpenDisplay CMakeFiles/cmTC_54a1a.dir/CheckFunctionExists.c.o -o cmTC_54a1a  /usr/lib/libX11.so /usr/lib/libXext.so 
make[1]: Leaving directory '/home/jae/CLionProjects/test/Lily/cmake-build-debug/CMakeFiles/CMakeScratch/TryCompile-rhb0ly'



Determining if the function gethostbyname exists passed with the following output:
Change Dir: /home/jae/CLionProjects/test/Lily/cmake-build-debug/CMakeFiles/CMakeScratch/TryCompile-cBAQiC

Run Build Command(s):/usr/bin/make -f Makefile cmTC_bba3d/fast && /usr/bin/make  -f CMakeFiles/cmTC_bba3d.dir/build.make CMakeFiles/cmTC_bba3d.dir/build
make[1]: Entering directory '/home/jae/CLionProjects/test/Lily/cmake-build-debug/CMakeFiles/CMakeScratch/TryCompile-cBAQiC'
Building C object CMakeFiles/cmTC_bba3d.dir/CheckFunctionExists.c.o
/usr/bin/cc   -DCHECK_FUNCTION_EXISTS=gethostbyname -fdiagnostics-color=always -o CMakeFiles/cmTC_bba3d.dir/CheckFunctionExists.c.o -c /home/jae/CLionProjects/test/Lily/cmake-build-debug/CMakeFiles/CMakeScratch/TryCompile-cBAQiC/CheckFunctionExists.c
Linking C executable cmTC_bba3d
/home/jae/Programs/clion-2022.3.1/bin/cmake/linux/x64/bin/cmake -E cmake_link_script CMakeFiles/cmTC_bba3d.dir/link.txt --verbose=1
/usr/bin/cc  -DCHECK_FUNCTION_EXISTS=gethostbyname CMakeFiles/cmTC_bba3d.dir/CheckFunctionExists.c.o -o cmTC_bba3d 
make[1]: Leaving directory '/home/jae/CLionProjects/test/Lily/cmake-build-debug/CMakeFiles/CMakeScratch/TryCompile-cBAQiC'



Determining if the function connect exists passed with the following output:
Change Dir: /home/jae/CLionProjects/test/Lily/cmake-build-debug/CMakeFiles/CMakeScratch/TryCompile-E40K3H

Run Build Command(s):/usr/bin/make -f Makefile cmTC_39dd2/fast && /usr/bin/make  -f CMakeFiles/cmTC_39dd2.dir/build.make CMakeFiles/cmTC_39dd2.dir/build
make[1]: Entering directory '/home/jae/CLionProjects/test/Lily/cmake-build-debug/CMakeFiles/CMakeScratch/TryCompile-E40K3H'
Building C object CMakeFiles/cmTC_39dd2.dir/CheckFunctionExists.c.o
/usr/bin/cc   -DCHECK_FUNCTION_EXISTS=connect -fdiagnostics-color=always -o CMakeFiles/cmTC_39dd2.dir/CheckFunctionExists.c.o -c /home/jae/CLionProjects/test/Lily/cmake-build-debug/CMakeFiles/CMakeScratch/TryCompile-E40K3H/CheckFunctionExists.c
Linking C executable cmTC_39dd2
/home/jae/Programs/clion-2022.3.1/bin/cmake/linux/x64/bin/cmake -E cmake_link_script CMakeFiles/cmTC_39dd2.dir/link.txt --verbose=1
/usr/bin/cc  -DCHECK_FUNCTION_EXISTS=connect CMakeFiles/cmTC_39dd2.dir/CheckFunctionExists.c.o -o cmTC_39dd2 
make[1]: Leaving directory '/home/jae/CLionProjects/test/Lily/cmake-build-debug/CMakeFiles/CMakeScratch/TryCompile-E40K3H'



Determining if the function remove exists passed with the following output:
Change Dir: /home/jae/CLionProjects/test/Lily/cmake-build-debug/CMakeFiles/CMakeScratch/TryCompile-UiAOcm

Run Build Command(s):/usr/bin/make -f Makefile cmTC_279ba/fast && /usr/bin/make  -f CMakeFiles/cmTC_279ba.dir/build.make CMakeFiles/cmTC_279ba.dir/build
make[1]: Entering directory '/home/jae/CLionProjects/test/Lily/cmake-build-debug/CMakeFiles/CMakeScratch/TryCompile-UiAOcm'
Building C object CMakeFiles/cmTC_279ba.dir/CheckFunctionExists.c.o
/usr/bin/cc   -DCHECK_FUNCTION_EXISTS=remove -fdiagnostics-color=always -o CMakeFiles/cmTC_279ba.dir/CheckFunctionExists.c.o -c /home/jae/CLionProjects/test/Lily/cmake-build-debug/CMakeFiles/CMakeScratch/TryCompile-UiAOcm/CheckFunctionExists.c
Linking C executable cmTC_279ba
/home/jae/Programs/clion-2022.3.1/bin/cmake/linux/x64/bin/cmake -E cmake_link_script CMakeFiles/cmTC_279ba.dir/link.txt --verbose=1
/usr/bin/cc  -DCHECK_FUNCTION_EXISTS=remove CMakeFiles/cmTC_279ba.dir/CheckFunctionExists.c.o -o cmTC_279ba 
make[1]: Leaving directory '/home/jae/CLionProjects/test/Lily/cmake-build-debug/CMakeFiles/CMakeScratch/TryCompile-UiAOcm'



Determining if the function shmat exists passed with the following output:
Change Dir: /home/jae/CLionProjects/test/Lily/cmake-build-debug/CMakeFiles/CMakeScratch/TryCompile-XJk5jZ

Run Build Command(s):/usr/bin/make -f Makefile cmTC_ea582/fast && /usr/bin/make  -f CMakeFiles/cmTC_ea582.dir/build.make CMakeFiles/cmTC_ea582.dir/build
make[1]: Entering directory '/home/jae/CLionProjects/test/Lily/cmake-build-debug/CMakeFiles/CMakeScratch/TryCompile-XJk5jZ'
Building C object CMakeFiles/cmTC_ea582.dir/CheckFunctionExists.c.o
/usr/bin/cc   -DCHECK_FUNCTION_EXISTS=shmat -fdiagnostics-color=always -o CMakeFiles/cmTC_ea582.dir/CheckFunctionExists.c.o -c /home/jae/CLionProjects/test/Lily/cmake-build-debug/CMakeFiles/CMakeScratch/TryCompile-XJk5jZ/CheckFunctionExists.c
Linking C executable cmTC_ea582
/home/jae/Programs/clion-2022.3.1/bin/cmake/linux/x64/bin/cmake -E cmake_link_script CMakeFiles/cmTC_ea582.dir/link.txt --verbose=1
/usr/bin/cc  -DCHECK_FUNCTION_EXISTS=shmat CMakeFiles/cmTC_ea582.dir/CheckFunctionExists.c.o -o cmTC_ea582 
make[1]: Leaving directory '/home/jae/CLionProjects/test/Lily/cmake-build-debug/CMakeFiles/CMakeScratch/TryCompile-XJk5jZ'



Determining if the function IceConnectionNumber exists in the ICE passed with the following output:
Change Dir: /home/jae/CLionProjects/test/Lily/cmake-build-debug/CMakeFiles/CMakeScratch/TryCompile-WgmDkx

Run Build Command(s):/usr/bin/make -f Makefile cmTC_8ff44/fast && /usr/bin/make  -f CMakeFiles/cmTC_8ff44.dir/build.make CMakeFiles/cmTC_8ff44.dir/build
make[1]: Entering directory '/home/jae/CLionProjects/test/Lily/cmake-build-debug/CMakeFiles/CMakeScratch/TryCompile-WgmDkx'
Building C object CMakeFiles/cmTC_8ff44.dir/CheckFunctionExists.c.o
/usr/bin/cc   -DCHECK_FUNCTION_EXISTS=IceConnectionNumber -fdiagnostics-color=always -o CMakeFiles/cmTC_8ff44.dir/CheckFunctionExists.c.o -c /home/jae/CLionProjects/test/Lily/cmake-build-debug/CMakeFiles/CMakeScratch/TryCompile-WgmDkx/CheckFunctionExists.c
Linking C executable cmTC_8ff44
/home/jae/Programs/clion-2022.3.1/bin/cmake/linux/x64/bin/cmake -E cmake_link_script CMakeFiles/cmTC_8ff44.dir/link.txt --verbose=1
/usr/bin/cc  -DCHECK_FUNCTION_EXISTS=IceConnectionNumber CMakeFiles/cmTC_8ff44.dir/CheckFunctionExists.c.o -o cmTC_8ff44  -lICE 
make[1]: Leaving directory '/home/jae/CLionProjects/test/Lily/cmake-build-debug/CMakeFiles/CMakeScratch/TryCompile-WgmDkx'



